<?xml version="1.0" encoding="UTF-8"?>
<!-- Generated by org.testng.reporters.JUnitReportReporter -->
<testsuite hostname="DESKTOP-NTE1MAU" failures="0" tests="1" name="aspire_assignment.Assignment_Class" time="84.195" errors="0" timestamp="2022-02-11T05:48:04 IST" skipped="0">
  <testcase classname="aspire_assignment.Assignment_Class" name="loginandfinishthetestcase" time="84.195"/>
  <system-out/>
</testsuite> <!-- aspire_assignment.Assignment_Class -->
